<?xml version="1.0" encoding="UTF-8"?>
<testng-results ignored="0" total="3" passed="3" failed="0" skipped="0">
  <reporter-output>
  </reporter-output>
  <suite started-at="2025-02-09T18:59:26 IST" name="Web Application Test Suite" finished-at="2025-02-09T19:00:14 IST" duration-ms="47803">
    <groups>
    </groups>
    <test started-at="2025-02-09T18:59:26 IST" name="Web Tests" finished-at="2025-02-09T19:00:14 IST" duration-ms="47803">
      <class name="tests.WebTest">
        <test-method is-config="true" signature="setup()[pri:0, instance:tests.WebTest@5af3afd9]" started-at="2025-02-09T18:59:26 IST" name="setup" finished-at="2025-02-09T18:59:39 IST" duration-ms="12418" status="PASS">
          <reporter-output>
          </reporter-output>
        </test-method> <!-- setup -->
        <test-method signature="verifyHomePageTitle()[pri:1, instance:tests.WebTest@5af3afd9]" started-at="2025-02-09T18:59:39 IST" name="verifyHomePageTitle" finished-at="2025-02-09T18:59:58 IST" duration-ms="19074" status="PASS">
          <reporter-output>
          </reporter-output>
        </test-method> <!-- verifyHomePageTitle -->
        <test-method signature="verifyCheckboxPage()[pri:2, instance:tests.WebTest@5af3afd9]" started-at="2025-02-09T18:59:58 IST" name="verifyCheckboxPage" finished-at="2025-02-09T18:59:59 IST" duration-ms="683" status="PASS">
          <reporter-output>
          </reporter-output>
        </test-method> <!-- verifyCheckboxPage -->
        <test-method signature="testFileUpload()[pri:3, instance:tests.WebTest@5af3afd9]" started-at="2025-02-09T18:59:59 IST" name="testFileUpload" finished-at="2025-02-09T19:00:12 IST" duration-ms="13872" status="PASS">
          <reporter-output>
          </reporter-output>
        </test-method> <!-- testFileUpload -->
        <test-method is-config="true" signature="tearDown()[pri:0, instance:tests.WebTest@5af3afd9]" started-at="2025-02-09T19:00:12 IST" name="tearDown" finished-at="2025-02-09T19:00:14 IST" duration-ms="1568" status="PASS">
          <reporter-output>
          </reporter-output>
        </test-method> <!-- tearDown -->
      </class> <!-- tests.WebTest -->
    </test> <!-- Web Tests -->
  </suite> <!-- Web Application Test Suite -->
</testng-results>
