<?xml version="1.0" encoding="UTF-8"?>
<!-- Generated by org.testng.reporters.JUnitReportReporter -->
<testsuite hostname="DESKTOP-NJTHS91" failures="0" tests="3" name="tests.WebTest" time="33.629" errors="0" timestamp="2025-02-09T19:00:14 IST" skipped="0">
  <testcase classname="tests.WebTest" name="verifyHomePageTitle" time="19.074"/>
  <testcase classname="tests.WebTest" name="verifyCheckboxPage" time="0.683"/>
  <testcase classname="tests.WebTest" name="testFileUpload" time="13.872"/>
</testsuite> <!-- tests.WebTest -->
